<?xml version="1.0" encoding="UTF-8"?>
<testng-results skipped="0" failed="0" ignored="0" total="3" passed="3">
  <reporter-output>
  </reporter-output>
  <suite name="Default suite" duration-ms="23597" started-at="2020-02-12T08:32:18Z" finished-at="2020-02-12T08:32:42Z">
    <groups>
    </groups>
    <test name="Default test" duration-ms="23597" started-at="2020-02-12T08:32:18Z" finished-at="2020-02-12T08:32:42Z">
      <class name="AddTest.DataTest">
        <test-method status="PASS" signature="StartDriver(java.lang.String)[pri:0, instance:AddTest.DataTest@42e26948]" name="StartDriver" is-config="true" duration-ms="14909" started-at="2020-02-12T08:32:03Z" finished-at="2020-02-12T08:32:18Z">
          <params>
            <param index="0">
              <value>
                <![CDATA[chrome]]>
              </value>
            </param>
          </params>
          <reporter-output>
          </reporter-output>
        </test-method> <!-- StartDriver -->
        <test-method status="PASS" signature="homePage()[pri:0, instance:AddTest.DataTest@42e26948]" name="homePage" duration-ms="5699" started-at="2020-02-12T08:32:18Z" finished-at="2020-02-12T08:32:24Z">
          <reporter-output>
          </reporter-output>
        </test-method> <!-- homePage -->
        <test-method status="PASS" signature="scrollTest()[pri:1, instance:AddTest.DataTest@42e26948]" name="scrollTest" duration-ms="11415" started-at="2020-02-12T08:32:24Z" finished-at="2020-02-12T08:32:36Z">
          <reporter-output>
          </reporter-output>
        </test-method> <!-- scrollTest -->
        <test-method status="PASS" signature="pageData()[pri:2, instance:AddTest.DataTest@42e26948]" name="pageData" duration-ms="6429" started-at="2020-02-12T08:32:36Z" finished-at="2020-02-12T08:32:42Z">
          <reporter-output>
          </reporter-output>
        </test-method> <!-- pageData -->
        <test-method status="PASS" signature="StopDriver()[pri:0, instance:AddTest.DataTest@42e26948]" name="StopDriver" is-config="true" duration-ms="0" started-at="2020-02-12T08:32:42Z" finished-at="2020-02-12T08:32:42Z">
          <reporter-output>
          </reporter-output>
        </test-method> <!-- StopDriver -->
      </class> <!-- AddTest.DataTest -->
    </test> <!-- Default test -->
  </suite> <!-- Default suite -->
</testng-results>
