<?xml version="1.0" encoding="UTF-8"?>
<!-- Generated by org.testng.reporters.JUnitXMLReporter -->
<testsuite hostname="DESKTOP-BA8VD7F" ignored="0" name="Default test" tests="3" failures="0" timestamp="12 Feb 2020 08:32:42 GMT" time="23.597" errors="0">
  <testcase name="homePage" time="5.699" classname="AddTest.DataTest"/>
  <testcase name="scrollTest" time="11.415" classname="AddTest.DataTest"/>
  <testcase name="pageData" time="6.429" classname="AddTest.DataTest"/>
</testsuite> <!-- Default test -->
